<?xml version="1.0" encoding="UTF-8"?>
<!-- Generated by org.testng.reporters.JUnitXMLReporter -->
<testsuite ignored="0" hostname="rajshekhar" failures="0" tests="4" name="Surefire test" time="23.763" errors="0" timestamp="16 Mar 2026 19:37:02 GMT">
  <testcase classname="com.qa.ncgcoop.tests.HomePageTest" name="pageTitleTest" time="0.032"/>
  <testcase classname="com.qa.ncgcoop.tests.HomePageTest" name="pageUrlTest" time="0.0"/>
  <testcase classname="com.qa.ncgcoop.tests.HomePageTest" name="scrolldownHome" time="2.071"/>
  <testcase classname="com.qa.ncgcoop.tests.HomePageTest" name="scrollUPHome" time="0.004"/>
</testsuite> <!-- Surefire test -->
