<?xml version="1.0" encoding="UTF-8"?>
<!-- Generated by org.testng.reporters.JUnitXMLReporter -->
<testsuite ignored="0" hostname="rajshekhar" failures="0" tests="3" name="Surefire test" time="23.524" errors="0" timestamp="11 Mar 2026 18:38:14 GMT">
  <testcase classname="com.qa.ncgcoop.tests.HomePageTest" name="pageTitleTest" time="0.017"/>
  <testcase classname="com.qa.ncgcoop.tests.HomePageTest" name="pageUrlTest" time="0.0"/>
  <testcase classname="com.qa.ncgcoop.tests.HomePageTest" name="PageBtnTest" time="1.819"/>
</testsuite> <!-- Surefire test -->
