<?xml version="1.0" encoding="UTF-8"?>
<testsuite xmlns:xsi="http://www.w3.org/2001/XMLSchema-instance" xsi:noNamespaceSchemaLocation="https://maven.apache.org/surefire/maven-surefire-plugin/xsd/surefire-test-report.xsd" name="com.qa.ncgcoop.tests.HomePageTest" time="23.829" tests="3" errors="0" skipped="0" failures="0">
  <properties>
[...]
</properties>
  <testcase name="pageTitleTest" classname="com.qa.ncgcoop.tests.HomePageTest" time="0.018"/>
  <testcase name="pageUrlTest" classname="com.qa.ncgcoop.tests.HomePageTest" time="0.001"/>
  <testcase name="PageBtnTest" classname="com.qa.ncgcoop.tests.HomePageTest" time="1.821"/>
</testsuite>