<?xml version="1.0" encoding="UTF-8"?>
<testng-results ignored="0" total="4" passed="4" failed="0" skipped="0">
  <reporter-output>
  </reporter-output>
  <suite started-at="2026-03-16T19:36:39Z" name="Surefire suite" finished-at="2026-03-16T19:37:02Z" duration-ms="23763">
    <groups>
    </groups>
    <test started-at="2026-03-16T19:36:39Z" name="Surefire test" finished-at="2026-03-16T19:37:02Z" duration-ms="23763">
      <class name="com.qa.ncgcoop.tests.HomePageTest">
        <test-method is-config="true" signature="setupPlaywright()[pri:0, instance:com.qa.ncgcoop.tests.HomePageTest@3e57cd70]" started-at="2026-03-16T19:36:39Z" name="setupPlaywright" finished-at="2026-03-16T19:36:50Z" duration-ms="11610" status="PASS">
          <reporter-output>
          </reporter-output>
        </test-method> <!-- setupPlaywright -->
        <test-method signature="pageTitleTest()[pri:1, instance:com.qa.ncgcoop.tests.HomePageTest@3e57cd70]" started-at="2026-03-16T19:36:50Z" name="pageTitleTest" finished-at="2026-03-16T19:36:50Z" duration-ms="32" status="PASS">
          <reporter-output>
          </reporter-output>
        </test-method> <!-- pageTitleTest -->
        <test-method signature="pageUrlTest()[pri:2, instance:com.qa.ncgcoop.tests.HomePageTest@3e57cd70]" started-at="2026-03-16T19:36:50Z" name="pageUrlTest" finished-at="2026-03-16T19:36:50Z" duration-ms="0" status="PASS">
          <reporter-output>
          </reporter-output>
        </test-method> <!-- pageUrlTest -->
        <test-method signature="scrolldownHome()[pri:3, instance:com.qa.ncgcoop.tests.HomePageTest@3e57cd70]" started-at="2026-03-16T19:36:50Z" name="scrolldownHome" finished-at="2026-03-16T19:36:52Z" duration-ms="2071" status="PASS">
          <reporter-output>
          </reporter-output>
        </test-method> <!-- scrolldownHome -->
        <test-method signature="scrollUPHome()[pri:4, instance:com.qa.ncgcoop.tests.HomePageTest@3e57cd70]" started-at="2026-03-16T19:36:52Z" name="scrollUPHome" finished-at="2026-03-16T19:36:52Z" duration-ms="4" status="PASS">
          <reporter-output>
          </reporter-output>
        </test-method> <!-- scrollUPHome -->
        <test-method is-config="true" signature="tearDownPlaywright()[pri:0, instance:com.qa.ncgcoop.tests.HomePageTest@3e57cd70]" started-at="2026-03-16T19:36:52Z" name="tearDownPlaywright" finished-at="2026-03-16T19:37:02Z" duration-ms="10000" status="PASS">
          <reporter-output>
          </reporter-output>
        </test-method> <!-- tearDownPlaywright -->
      </class> <!-- com.qa.ncgcoop.tests.HomePageTest -->
    </test> <!-- Surefire test -->
  </suite> <!-- Surefire suite -->
</testng-results>
