<?xml version="1.0" encoding="UTF-8"?>
<testng-results ignored="0" total="3" passed="3" failed="0" skipped="0">
  <reporter-output>
  </reporter-output>
  <suite started-at="2026-03-11T18:37:50Z" name="Surefire suite" finished-at="2026-03-11T18:38:14Z" duration-ms="23524">
    <groups>
    </groups>
    <test started-at="2026-03-11T18:37:50Z" name="Surefire test" finished-at="2026-03-11T18:38:14Z" duration-ms="23524">
      <class name="com.qa.ncgcoop.tests.HomePageTest">
        <test-method is-config="true" signature="setupPlaywright()[pri:0, instance:com.qa.ncgcoop.tests.HomePageTest@1d8d30f7]" started-at="2026-03-11T18:37:50Z" name="setupPlaywright" finished-at="2026-03-11T18:38:02Z" duration-ms="11663" status="PASS">
          <reporter-output>
          </reporter-output>
        </test-method> <!-- setupPlaywright -->
        <test-method signature="pageTitleTest()[pri:1, instance:com.qa.ncgcoop.tests.HomePageTest@1d8d30f7]" started-at="2026-03-11T18:38:02Z" name="pageTitleTest" finished-at="2026-03-11T18:38:02Z" duration-ms="17" status="PASS">
          <reporter-output>
          </reporter-output>
        </test-method> <!-- pageTitleTest -->
        <test-method signature="pageUrlTest()[pri:2, instance:com.qa.ncgcoop.tests.HomePageTest@1d8d30f7]" started-at="2026-03-11T18:38:02Z" name="pageUrlTest" finished-at="2026-03-11T18:38:02Z" duration-ms="0" status="PASS">
          <reporter-output>
          </reporter-output>
        </test-method> <!-- pageUrlTest -->
        <test-method signature="PageBtnTest()[pri:3, instance:com.qa.ncgcoop.tests.HomePageTest@1d8d30f7]" started-at="2026-03-11T18:38:02Z" name="PageBtnTest" finished-at="2026-03-11T18:38:04Z" duration-ms="1819" status="PASS">
          <reporter-output>
          </reporter-output>
        </test-method> <!-- PageBtnTest -->
        <test-method is-config="true" signature="tearDownPlaywright()[pri:0, instance:com.qa.ncgcoop.tests.HomePageTest@1d8d30f7]" started-at="2026-03-11T18:38:04Z" name="tearDownPlaywright" finished-at="2026-03-11T18:38:14Z" duration-ms="10000" status="PASS">
          <reporter-output>
          </reporter-output>
        </test-method> <!-- tearDownPlaywright -->
      </class> <!-- com.qa.ncgcoop.tests.HomePageTest -->
    </test> <!-- Surefire test -->
  </suite> <!-- Surefire suite -->
</testng-results>
