<?xml version="1.0" encoding="UTF-8"?>
<testsuite xmlns:xsi="http://www.w3.org/2001/XMLSchema-instance" xsi:noNamespaceSchemaLocation="https://maven.apache.org/surefire/maven-surefire-plugin/xsd/surefire-test-report.xsd" name="com.qa.ncgcoop.tests.HomePageTest" time="24.161" tests="4" errors="0" skipped="0" failures="0">
  <properties>
[...]
</properties>
  <testcase name="pageTitleTest" classname="com.qa.ncgcoop.tests.HomePageTest" time="0.032"/>
  <testcase name="pageUrlTest" classname="com.qa.ncgcoop.tests.HomePageTest" time="0"/>
  <testcase name="scrolldownHome" classname="com.qa.ncgcoop.tests.HomePageTest" time="2.072"/>
  <testcase name="scrollUPHome" classname="com.qa.ncgcoop.tests.HomePageTest" time="0.003"/>
</testsuite>