<?xml version="1.0" encoding="UTF-8"?>
<!-- Generated by org.testng.reporters.JUnitReportReporter -->
<testsuite hostname="rajshekhar" failures="0" tests="3" name="com.qa.ncgcoop.tests.HomePageTest" time="1.836" errors="0" timestamp="11 Mar 2026 18:38:14 GMT" skipped="0">
  <testcase classname="com.qa.ncgcoop.tests.HomePageTest" name="pageTitleTest" time="0.017"/>
  <testcase classname="com.qa.ncgcoop.tests.HomePageTest" name="pageUrlTest" time="0.000"/>
  <testcase classname="com.qa.ncgcoop.tests.HomePageTest" name="PageBtnTest" time="1.819"/>
</testsuite> <!-- com.qa.ncgcoop.tests.HomePageTest -->
